1695393592948	geckodriver	INFO	Listening on 127.0.0.1:53958
1695393596007	mozrunner::runner	INFO	Running command: "C:\\Program Files\\Mozilla Firefox\\firefox.exe" "--marionette" "--remote-debugging-port" "53959" "--remote-allow-hosts" "localhost" "-no-remote" "-profile" "C:\\Users\\91789\\AppData\\Local\\Temp\\rust_mozprofilev2in6n"
console.warn: services.settings: Ignoring preference override of remote settings server
console.warn: services.settings: Allow by setting MOZ_REMOTE_SETTINGS_DEVTOOLS=1 in the environment
1695393596840	Marionette	INFO	Marionette enabled
Dynamically enable window occlusion 0
1695393596984	Marionette	INFO	Listening on port 53966
WebDriver BiDi listening on ws://127.0.0.1:53959
Read port: 53966
1695393597211	RemoteAgent	WARN	TLS certificate errors will be ignored for this session
DevTools listening on ws://127.0.0.1:53959/devtools/browser/b2098d25-3cd4-43e9-bba7-f197eda673a4
[Child 22872, MediaDecoderStateMachine #1] WARNING: 1d1a2445cd0 Could not set cubeb stream name.: file /builds/worker/checkouts/gecko/dom/media/AudioStream.cpp:321
JavaScript warning: https://www.google.com/js/th/qj1nkYDZFsZ45STQC_t91Ttn5FIAUhjsWqGcw3cvHws.js line 2 > eval line 1303 > eval line 1 > eval line 1 > eval, line 1: WEBGL_debug_renderer_info is deprecated in Firefox and will be removed. Please use RENDERER.
1695393633513	Marionette	INFO	Stopped listening on port 53966
JavaScript warning: https://www.youtube.com/s/desktop/59a3a323/jsbin/web-animations-next-lite.min.vflset/web-animations-next-lite.min.js, line 96: Script terminated by timeout at:
window.requestAnimationFrame/<@https://www.youtube.com/s/desktop/59a3a323/jsbin/web-animations-next-lite.min.vflset/web-animations-next-lite.min.js:96:152

JavaScript error: https://www.youtube.com/watch?si=p_Di1CGI91NhF6Ub&v=mek6Cur2-qU&feature=youtu.be, line 12: TypeError: can't access dead object
JavaScript error: https://www.youtube.com/watch?si=p_Di1CGI91NhF6Ub&v=mek6Cur2-qU&feature=youtu.be, line 12: TypeError: can't access dead object
JavaScript error: https://www.youtube.com/watch?si=p_Di1CGI91NhF6Ub&v=mek6Cur2-qU&feature=youtu.be, line 12: TypeError: can't access dead object
JavaScript error: https://www.youtube.com/watch?si=p_Di1CGI91NhF6Ub&v=mek6Cur2-qU&feature=youtu.be, line 12: TypeError: can't access dead object
JavaScript error: https://www.youtube.com/watch?si=p_Di1CGI91NhF6Ub&v=mek6Cur2-qU&feature=youtu.be, line 12: TypeError: can't access dead object
JavaScript error: https://www.youtube.com/watch?si=p_Di1CGI91NhF6Ub&v=mek6Cur2-qU&feature=youtu.be, line 12: TypeError: can't access dead object
JavaScript error: https://www.youtube.com/watch?si=p_Di1CGI91NhF6Ub&v=mek6Cur2-qU&feature=youtu.be, line 12: TypeError: can't access dead object
JavaScript error: https://www.youtube.com/watch?si=p_Di1CGI91NhF6Ub&v=mek6Cur2-qU&feature=youtu.be, line 12: TypeError: can't access dead object
JavaScript error: https://www.youtube.com/watch?si=p_Di1CGI91NhF6Ub&v=mek6Cur2-qU&feature=youtu.be, line 12: TypeError: can't access dead object
Dynamically enable window occlusion 1
JavaScript error: https://www.youtube.com/watch?si=p_Di1CGI91NhF6Ub&v=mek6Cur2-qU&feature=youtu.be, line 12: TypeError: can't access dead object
JavaScript error: https://www.youtube.com/watch?si=p_Di1CGI91NhF6Ub&v=mek6Cur2-qU&feature=youtu.be, line 12: TypeError: can't access dead object
JavaScript error: https://www.youtube.com/watch?si=p_Di1CGI91NhF6Ub&v=mek6Cur2-qU&feature=youtu.be, line 12: TypeError: can't access dead object
JavaScript error: https://www.youtube.com/watch?si=p_Di1CGI91NhF6Ub&v=mek6Cur2-qU&feature=youtu.be, line 12: TypeError: can't access dead object
JavaScript error: https://www.youtube.com/watch?si=p_Di1CGI91NhF6Ub&v=mek6Cur2-qU&feature=youtu.be, line 12: TypeError: can't access dead object
JavaScript error: https://www.youtube.com/watch?si=p_Di1CGI91NhF6Ub&v=mek6Cur2-qU&feature=youtu.be, line 12: TypeError: can't access dead object
JavaScript error: https://www.youtube.com/watch?si=p_Di1CGI91NhF6Ub&v=mek6Cur2-qU&feature=youtu.be, line 12: TypeError: can't access dead object
JavaScript error: https://www.youtube.com/watch?si=p_Di1CGI91NhF6Ub&v=mek6Cur2-qU&feature=youtu.be, line 12: TypeError: can't access dead object
JavaScript error: https://www.google.com/js/th/qj1nkYDZFsZ45STQC_t91Ttn5FIAUhjsWqGcw3cvHws.js line 2 > eval, line 1303: TypeError: can't access dead object
JavaScript error: resource://gre/actors/AudioPlaybackChild.sys.mjs, line 17: InvalidStateError: JSWindowActorChild.sendAsyncMessage: JSWindowActorChild cannot send at the moment
console.error: services.settings: 
  Message: NetworkError: Network error: TypeError: NetworkError: Network request failed
  Stack:
    APIError@resource://services-settings/RemoteSettingsClient.sys.mjs:107:1
NetworkError@resource://services-settings/RemoteSettingsClient.sys.mjs:111:5
_adjustedError@resource://services-settings/RemoteSettingsClient.sys.mjs:907:14
maybeSync@resource://services-settings/RemoteSettingsClient.sys.mjs:812:38

console.warn: services.settings: security-state/onecrl sync interrupted by shutdown
console.error: (new NetworkError("Network error: TypeError: NetworkError: Network request failed", "resource://services-settings/RemoteSettingsClient.sys.mjs", 107))
1695393638931	geckodriver	INFO	Listening on 127.0.0.1:54031
1695393641967	mozrunner::runner	INFO	Running command: "C:\\Program Files\\Mozilla Firefox\\firefox.exe" "--marionette" "--remote-debugging-port" "54032" "--remote-allow-hosts" "localhost" "-no-remote" "-profile" "C:\\Users\\91789\\AppData\\Local\\Temp\\rust_mozprofilemB2lUp"
console.warn: services.settings: Ignoring preference override of remote settings server
console.warn: services.settings: Allow by setting MOZ_REMOTE_SETTINGS_DEVTOOLS=1 in the environment
1695393642667	Marionette	INFO	Marionette enabled
Dynamically enable window occlusion 0
1695393642828	Marionette	INFO	Listening on port 54039
WebDriver BiDi listening on ws://127.0.0.1:54032
Read port: 54039
1695393643089	RemoteAgent	WARN	TLS certificate errors will be ignored for this session
DevTools listening on ws://127.0.0.1:54032/devtools/browser/dbbc03c6-f603-47dd-b585-34c01edcfd94
[Child 42240, MediaDecoderStateMachine #1] WARNING: 17380386680 Could not set cubeb stream name.: file /builds/worker/checkouts/gecko/dom/media/AudioStream.cpp:321
JavaScript warning: https://www.google.com/js/th/qj1nkYDZFsZ45STQC_t91Ttn5FIAUhjsWqGcw3cvHws.js line 2 > eval line 2440 > eval line 1 > eval line 1 > eval, line 1: WEBGL_debug_renderer_info is deprecated in Firefox and will be removed. Please use RENDERER.
1695393676307	Marionette	INFO	Stopped listening on port 54039
JavaScript warning: https://www.google.com/js/th/qj1nkYDZFsZ45STQC_t91Ttn5FIAUhjsWqGcw3cvHws.js line 2 > eval line 2440 > eval line 1 > eval line 1 > eval, line 1: Script terminated by timeout at:
WU@https://www.google.com/js/th/qj1nkYDZFsZ45STQC_t91Ttn5FIAUhjsWqGcw3cvHws.js line 2 > eval line 2440 > eval line 1 > eval line 1 > eval:1:190
Yn@https://www.google.com/js/th/qj1nkYDZFsZ45STQC_t91Ttn5FIAUhjsWqGcw3cvHws.js line 2 > eval line 2440 > eval line 1 > eval line 1 > eval:1:38
k.prototype.g</<@https://www.google.com/js/th/qj1nkYDZFsZ45STQC_t91Ttn5FIAUhjsWqGcw3cvHws.js line 2 > eval:2440:36062
Oq@https://www.google.com/js/th/qj1nkYDZFsZ45STQC_t91Ttn5FIAUhjsWqGcw3cvHws.js line 2 > eval:2440:24852
U@https://www.google.com/js/th/qj1nkYDZFsZ45STQC_t91Ttn5FIAUhjsWqGcw3cvHws.js line 2 > eval:2440:4754
Y@https://www.google.com/js/th/qj1nkYDZFsZ45STQC_t91Ttn5FIAUhjsWqGcw3cvHws.js line 2 > eval:2440:8221
y@https://www.google.com/js/th/qj1nkYDZFsZ45STQC_t91Ttn5FIAUhjsWqGcw3cvHws.js line 2 > eval line 2440 > eval line 1 > eval line 1 > eval:1:309

JavaScript error: https://www.google.com/js/th/qj1nkYDZFsZ45STQC_t91Ttn5FIAUhjsWqGcw3cvHws.js line 2 > eval, line 2440: TypeError: z is not a function
JavaScript error: https://www.youtube.com/watch?si=p_Di1CGI91NhF6Ub&v=mek6Cur2-qU&feature=youtu.be, line 12: TypeError: can't access dead object
JavaScript error: https://www.youtube.com/watch?si=p_Di1CGI91NhF6Ub&v=mek6Cur2-qU&feature=youtu.be, line 12: TypeError: can't access dead object
JavaScript error: https://www.youtube.com/watch?si=p_Di1CGI91NhF6Ub&v=mek6Cur2-qU&feature=youtu.be, line 12: TypeError: can't access dead object
JavaScript error: https://www.youtube.com/watch?si=p_Di1CGI91NhF6Ub&v=mek6Cur2-qU&feature=youtu.be, line 12: TypeError: can't access dead object
JavaScript error: https://www.youtube.com/watch?si=p_Di1CGI91NhF6Ub&v=mek6Cur2-qU&feature=youtu.be, line 12: TypeError: can't access dead object
Dynamically enable window occlusion 1
JavaScript error: https://www.youtube.com/watch?si=p_Di1CGI91NhF6Ub&v=mek6Cur2-qU&feature=youtu.be, line 12: TypeError: can't access dead object
JavaScript error: https://www.youtube.com/watch?si=p_Di1CGI91NhF6Ub&v=mek6Cur2-qU&feature=youtu.be, line 12: TypeError: can't access dead object
JavaScript error: https://www.youtube.com/watch?si=p_Di1CGI91NhF6Ub&v=mek6Cur2-qU&feature=youtu.be, line 12: TypeError: can't access dead object
JavaScript error: https://www.youtube.com/watch?si=p_Di1CGI91NhF6Ub&v=mek6Cur2-qU&feature=youtu.be, line 12: TypeError: can't access dead object
JavaScript error: https://www.youtube.com/watch?si=p_Di1CGI91NhF6Ub&v=mek6Cur2-qU&feature=youtu.be, line 12: TypeError: can't access dead object
JavaScript error: https://www.youtube.com/watch?si=p_Di1CGI91NhF6Ub&v=mek6Cur2-qU&feature=youtu.be, line 12: TypeError: can't access dead object
JavaScript error: https://www.youtube.com/watch?si=p_Di1CGI91NhF6Ub&v=mek6Cur2-qU&feature=youtu.be, line 12: TypeError: can't access dead object
JavaScript error: https://www.youtube.com/watch?si=p_Di1CGI91NhF6Ub&v=mek6Cur2-qU&feature=youtu.be, line 12: TypeError: can't access dead object
JavaScript error: https://www.youtube.com/watch?si=p_Di1CGI91NhF6Ub&v=mek6Cur2-qU&feature=youtu.be, line 12: TypeError: can't access dead object
console.warn: services.settings: main/search-config sync interrupted by shutdown
console.warn: services.settings: main/translations-models sync interrupted by shutdown
console.warn: services.settings: main/url-classifier-skip-urls sync interrupted by shutdown
console.warn: services.settings: main/addons-manager-settings sync interrupted by shutdown
console.warn: services.settings: security-state/cert-revocations sync interrupted by shutdown
console.warn: services.settings: security-state/intermediates sync interrupted by shutdown
console.warn: services.settings: security-state/onecrl sync interrupted by shutdown
JavaScript error: resource://gre/actors/AudioPlaybackChild.sys.mjs, line 17: InvalidStateError: JSWindowActorChild.sendAsyncMessage: JSWindowActorChild cannot send at the moment
1695393681964	geckodriver	INFO	Listening on 127.0.0.1:54106
1695393684969	mozrunner::runner	INFO	Running command: "C:\\Program Files\\Mozilla Firefox\\firefox.exe" "--marionette" "--remote-debugging-port" "54107" "--remote-allow-hosts" "localhost" "-no-remote" "-profile" "C:\\Users\\91789\\AppData\\Local\\Temp\\rust_mozprofileRHZKyg"
console.warn: services.settings: Ignoring preference override of remote settings server
console.warn: services.settings: Allow by setting MOZ_REMOTE_SETTINGS_DEVTOOLS=1 in the environment
1695393685550	Marionette	INFO	Marionette enabled
Dynamically enable window occlusion 0
1695393685720	Marionette	INFO	Listening on port 54114
WebDriver BiDi listening on ws://127.0.0.1:54107
Read port: 54114
1695393685975	RemoteAgent	WARN	TLS certificate errors will be ignored for this session
1695393689933	Marionette	INFO	Stopped listening on port 54114
Dynamically enable window occlusion 1
1695393689946	CDP	WARN	Failed to remove undefined (Could not parse path (undefined): NS_ERROR_FILE_UNRECOGNIZED_PATH)
console.error: "Could not load engine bing@search.mozilla.org: Error: XPIProvider can't start bootstrap scope for bing@search.mozilla.org after shutdown was already granted"
console.error: "Could not load engine ddg@search.mozilla.org: Error: XPIProvider can't start bootstrap scope for ddg@search.mozilla.org after shutdown was already granted"
console.warn: SearchService: "#init: abandoning init due to shutting down"
JavaScript error: , line 0: uncaught exception: 2147500036
JavaScript error: , line 0: uncaught exception: 2147500036
JavaScript error: , line 0: uncaught exception: 2147500036
1695393823742	geckodriver	INFO	Listening on 127.0.0.1:54134
1695393826799	mozrunner::runner	INFO	Running command: "C:\\Program Files\\Mozilla Firefox\\firefox.exe" "--marionette" "-headless" "--remote-debugging-port" "54135" "--remote-allow-hosts" "localhost" "-no-remote" "-profile" "C:\\Users\\91789\\AppData\\Local\\Temp\\rust_mozprofile4kKuGG"
*** You are running in headless mode.
console.warn: services.settings: Ignoring preference override of remote settings server
console.warn: services.settings: Allow by setting MOZ_REMOTE_SETTINGS_DEVTOOLS=1 in the environment
1695393827479	Marionette	INFO	Marionette enabled
Dynamically enable window occlusion 0
1695393827585	Marionette	INFO	Listening on port 54142
Read port: 54142
WebDriver BiDi listening on ws://127.0.0.1:54135
1695393827652	RemoteAgent	WARN	TLS certificate errors will be ignored for this session
[GFX1-]: RenderCompositorSWGL failed mapping default framebuffer, no dt
console.error: ({})
DevTools listening on ws://127.0.0.1:54135/devtools/browser/18465d9c-e168-4ee4-a2ad-b1f767558626
[Child 31304, MediaDecoderStateMachine #1] WARNING: 172ba645cd0 Could not set cubeb stream name.: file /builds/worker/checkouts/gecko/dom/media/AudioStream.cpp:321
JavaScript warning: https://www.google.com/js/th/qj1nkYDZFsZ45STQC_t91Ttn5FIAUhjsWqGcw3cvHws.js line 2 > eval line 6180 > eval line 1 > eval line 1 > eval, line 1: WEBGL_debug_renderer_info is deprecated in Firefox and will be removed. Please use RENDERER.
[Child 31304, MediaDecoderStateMachine #1] WARNING: 172c67f1680 Could not set cubeb stream name.: file /builds/worker/checkouts/gecko/dom/media/AudioStream.cpp:321
JavaScript warning: https://www.google.com/js/th/qj1nkYDZFsZ45STQC_t91Ttn5FIAUhjsWqGcw3cvHws.js line 2 > eval line 2106 > eval line 1 > eval line 1 > eval, line 1: WEBGL_debug_renderer_info is deprecated in Firefox and will be removed. Please use RENDERER.
[Child 31304, MediaDecoderStateMachine #1] WARNING: 172c1c82130 Could not set cubeb stream name.: file /builds/worker/checkouts/gecko/dom/media/AudioStream.cpp:321
JavaScript warning: https://www.google.com/js/th/qj1nkYDZFsZ45STQC_t91Ttn5FIAUhjsWqGcw3cvHws.js line 2 > eval line 1025 > eval line 1 > eval line 1 > eval, line 1: WEBGL_debug_renderer_info is deprecated in Firefox and will be removed. Please use RENDERER.
JavaScript error: resource://gre/actors/AudioPlaybackChild.sys.mjs, line 17: InvalidStateError: JSWindowActorChild.sendAsyncMessage: JSWindowActorChild cannot send at the moment
[Child 31304, MediaDecoderStateMachine #1] WARNING: 172c30cc120 Could not set cubeb stream name.: file /builds/worker/checkouts/gecko/dom/media/AudioStream.cpp:321
JavaScript warning: https://www.google.com/js/th/qj1nkYDZFsZ45STQC_t91Ttn5FIAUhjsWqGcw3cvHws.js line 2 > eval line 5786 > eval line 1 > eval line 1 > eval, line 1: WEBGL_debug_renderer_info is deprecated in Firefox and will be removed. Please use RENDERER.
JavaScript error: resource://gre/actors/AudioPlaybackChild.sys.mjs, line 17: InvalidStateError: JSWindowActorChild.sendAsyncMessage: JSWindowActorChild cannot send at the moment
[Child 31304, MediaDecoderStateMachine #1] WARNING: 172c1ab7890 Could not set cubeb stream name.: file /builds/worker/checkouts/gecko/dom/media/AudioStream.cpp:321
JavaScript warning: https://www.google.com/js/th/qj1nkYDZFsZ45STQC_t91Ttn5FIAUhjsWqGcw3cvHws.js line 2 > eval line 3889 > eval line 1 > eval line 1 > eval, line 1: WEBGL_debug_renderer_info is deprecated in Firefox and will be removed. Please use RENDERER.
[Child 31304, MediaDecoderStateMachine #1] WARNING: 172c3055ce0 Could not set cubeb stream name.: file /builds/worker/checkouts/gecko/dom/media/AudioStream.cpp:321
JavaScript warning: https://www.google.com/js/th/qj1nkYDZFsZ45STQC_t91Ttn5FIAUhjsWqGcw3cvHws.js line 2 > eval line 6475 > eval line 1 > eval line 1 > eval, line 1: WEBGL_debug_renderer_info is deprecated in Firefox and will be removed. Please use RENDERER.
JavaScript error: resource://gre/actors/AudioPlaybackChild.sys.mjs, line 17: InvalidStateError: JSWindowActorChild.sendAsyncMessage: JSWindowActorChild cannot send at the moment
[Child 31304, MediaDecoderStateMachine #1] WARNING: 172c1ab7120 Could not set cubeb stream name.: file /builds/worker/checkouts/gecko/dom/media/AudioStream.cpp:321
JavaScript warning: https://www.google.com/js/th/qj1nkYDZFsZ45STQC_t91Ttn5FIAUhjsWqGcw3cvHws.js line 2 > eval line 7111 > eval line 1 > eval line 1 > eval, line 1: WEBGL_debug_renderer_info is deprecated in Firefox and will be removed. Please use RENDERER.
JavaScript error: resource://gre/actors/AudioPlaybackChild.sys.mjs, line 17: InvalidStateError: JSWindowActorChild.sendAsyncMessage: JSWindowActorChild cannot send at the moment
[Child 31304, MediaDecoderStateMachine #1] WARNING: 172c3055ac0 Could not set cubeb stream name.: file /builds/worker/checkouts/gecko/dom/media/AudioStream.cpp:321
JavaScript warning: https://www.google.com/js/th/qj1nkYDZFsZ45STQC_t91Ttn5FIAUhjsWqGcw3cvHws.js line 2 > eval line 6000 > eval line 1 > eval line 1 > eval, line 1: WEBGL_debug_renderer_info is deprecated in Firefox and will be removed. Please use RENDERER.
JavaScript error: resource://gre/actors/AudioPlaybackChild.sys.mjs, line 17: InvalidStateError: JSWindowActorChild.sendAsyncMessage: JSWindowActorChild cannot send at the moment
[Child 31304, MediaDecoderStateMachine #1] WARNING: 172c1c828a0 Could not set cubeb stream name.: file /builds/worker/checkouts/gecko/dom/media/AudioStream.cpp:321
JavaScript warning: https://www.google.com/js/th/qj1nkYDZFsZ45STQC_t91Ttn5FIAUhjsWqGcw3cvHws.js line 2 > eval line 265 > eval line 1 > eval line 1 > eval, line 1: WEBGL_debug_renderer_info is deprecated in Firefox and will be removed. Please use RENDERER.
JavaScript error: resource://gre/actors/AudioPlaybackChild.sys.mjs, line 17: InvalidStateError: JSWindowActorChild.sendAsyncMessage: JSWindowActorChild cannot send at the moment
[Child 31304, MediaDecoderStateMachine #1] WARNING: 172c30559b0 Could not set cubeb stream name.: file /builds/worker/checkouts/gecko/dom/media/AudioStream.cpp:321
JavaScript warning: https://www.google.com/js/th/qj1nkYDZFsZ45STQC_t91Ttn5FIAUhjsWqGcw3cvHws.js line 2 > eval line 508 > eval line 1 > eval line 1 > eval, line 1: WEBGL_debug_renderer_info is deprecated in Firefox and will be removed. Please use RENDERER.
